RunScript("c:/program files (x86)/dymola 2015 fd01/insert/dymola.mos", true);
 = true
 = true
 = true
 = true
RunScript("C:/Users/Admin/AppData/Roaming/Dynasim/setup.mos", true);
 = true
RunScript("c:\\users\\admin\\appdata\\local\\temp\\tmp-simulator-Admin-mdywhj\\package_PSA_SFERAII_split\\run.mos");

// File autogenerated by _get_dymola_commands
// Do not edit.
cd("c:\users\admin\appdata\local\temp\tmp-simulator-Admin-mdywhj\package_PSA_SFERAII_split");
C:/users/admin/appdata/local/temp/tmp-simulator-Admin-mdywhj/package_PSA_SFERAII_split
 = true
Modelica.Utilities.Files.remove("simulator.log");
openModel("package.mo");
 = true
OutputCPUtime:=true;
modelInstance="package_PSA_SFERAII_split.Simulations.PTTL_SF_basic_20160706(EuroTrough.eps6=0.943771684737)";
Declaring variable: String modelInstance ;

simulateModel(modelInstance, startTime=41000, stopTime=50000, method="Dassl", tolerance=1e-06, resultFile="PTTL_SF_", numberOfIntervals=500);
 = true
savelog("simulator.log");